This file contains any messages produced by compilers while
running configure, to aid debugging if configure makes a mistake.

It was created by The Glorious Glasgow Haskell Compilation System configure 8.6.3, which was
generated by GNU Autoconf 2.69.  Invocation command line was

  $ /usr/home/q/.stack/programs/x86_64-freebsd/ghc-8.6.3.temp/ghc-8.6.3/configure 

## --------- ##
## Platform. ##
## --------- ##

hostname = inkyu.kr
uname -m = amd64
uname -r = 12.0-RELEASE-p2
uname -s = FreeBSD
uname -v = FreeBSD 12.0-RELEASE-p2 GENERIC 

/usr/bin/uname -p = amd64
/bin/uname -X     = unknown

/bin/arch              = unknown
/usr/bin/arch -k       = unknown
/usr/convex/getsysinfo = unknown
/usr/bin/hostinfo      = unknown
/bin/machine           = unknown
/usr/bin/oslevel       = unknown
/bin/universe          = unknown

PATH: /home/q/.pyenv/plugins/pyenv-virtualenv/shims
PATH: /home/q/.pyenv/shims
PATH: /home/q/.pyenv/bin
PATH: /usr/home/q/dev/emsdk
PATH: /usr/home/q/dev/emsdk/clang/e1.38.8_64bit
PATH: /usr/home/q/dev/emsdk/node/8.9.1_64bit/bin
PATH: /usr/home/q/dev/emsdk/emscripten/1.38.8
PATH: /home/q/.local/bin
PATH: /home/q/.cargo/bin
PATH: /home/q/.pyenv/plugins/pyenv-virtualenv/shims
PATH: /home/q/.pyenv/shims
PATH: /home/q/.pyenv/bin
PATH: /usr/home/q/dev/emsdk
PATH: /usr/home/q/dev/emsdk/clang/e1.38.8_64bit
PATH: /usr/home/q/dev/emsdk/node/8.9.1_64bit/bin
PATH: /usr/home/q/dev/emsdk/emscripten/1.38.8
PATH: /home/q/.local/bin
PATH: /home/q/.cargo/bin
PATH: /sbin
PATH: /bin
PATH: /usr/sbin
PATH: /usr/bin
PATH: /usr/local/sbin
PATH: /usr/local/bin
PATH: /home/q/bin


## ----------- ##
## Core tests. ##
## ----------- ##

configure:2327: checking build system type
configure:2341: result: x86_64-unknown-freebsd12.0
configure:2361: checking host system type
configure:2374: result: x86_64-unknown-freebsd12.0
configure:2394: checking target system type
configure:2407: result: x86_64-unknown-freebsd12.0
configure:3284: checking for path to top of build tree
configure:3310: result: /usr/home/q/dev/agitpunkt
configure:3330: checking for perl
configure:3348: found /usr/local/bin/perl
configure:3360: result: /usr/local/bin/perl
configure:3390: checking for a BSD-compatible install
configure:3458: result: /usr/bin/install -c
configure:3476: checking for gfind
configure:3509: result: no
configure:3476: checking for find
configure:3494: found /usr/bin/find
configure:3506: result: /usr/bin/find
configure:3588: checking whether ln -s works
configure:3592: result: yes
configure:3604: checking for gsed
configure:3635: result: sed
configure:3724: checking for gcc
configure:3754: result: no
configure:3724: checking for clang
configure:3740: found /usr/home/q/dev/emsdk/clang/e1.38.8_64bit/clang
configure:3751: result: clang
configure:3782: checking for C compiler version
configure:3791: clang --version >&5
eval: clang: Exec format error
configure:3802: $? = 126
configure:3791: clang -v >&5
eval: clang: Exec format error
configure:3802: $? = 126
configure:3791: clang -V >&5
eval: clang: Exec format error
configure:3802: $? = 126
configure:3791: clang -qversion >&5
eval: clang: Exec format error
configure:3802: $? = 126
configure:3822: checking whether the C compiler works
configure:3844: clang    conftest.c  >&5
eval: clang: Exec format error
configure:3848: $? = 126
configure:3886: result: no
configure: failed program was:
| /* confdefs.h */
| #define PACKAGE_NAME "The Glorious Glasgow Haskell Compilation System"
| #define PACKAGE_TARNAME "ghc-8.6.3"
| #define PACKAGE_VERSION "8.6.3"
| #define PACKAGE_STRING "The Glorious Glasgow Haskell Compilation System 8.6.3"
| #define PACKAGE_BUGREPORT "glasgow-haskell-bugs@haskell.org"
| #define PACKAGE_URL ""
| /* end confdefs.h.  */
| 
| int
| main ()
| {
| 
|   ;
|   return 0;
| }
configure:3891: error: in `/usr/home/q/dev/agitpunkt':
configure:3894: error: C compiler cannot create executables
See `config.log' for more details

## ---------------- ##
## Cache variables. ##
## ---------------- ##

ac_cv_build=x86_64-unknown-freebsd12.0
ac_cv_env_CC_set=''
ac_cv_env_CC_value=''
ac_cv_env_CFLAGS_set=''
ac_cv_env_CFLAGS_value=''
ac_cv_env_CPPFLAGS_set=''
ac_cv_env_CPPFLAGS_value=''
ac_cv_env_CPP_set=''
ac_cv_env_CPP_value=''
ac_cv_env_LDFLAGS_set=''
ac_cv_env_LDFLAGS_value=''
ac_cv_env_LIBS_set=''
ac_cv_env_LIBS_value=''
ac_cv_env_build_alias_set=''
ac_cv_env_build_alias_value=''
ac_cv_env_host_alias_set=''
ac_cv_env_host_alias_value=''
ac_cv_env_target_alias_set=''
ac_cv_env_target_alias_value=''
ac_cv_host=x86_64-unknown-freebsd12.0
ac_cv_path_PerlCmd=/usr/local/bin/perl
ac_cv_path_SedCmd=sed
ac_cv_path_fp_prog_find=/usr/bin/find
ac_cv_path_install='/usr/bin/install -c'
ac_cv_prog_ac_ct_CC=clang
ac_cv_target=x86_64-unknown-freebsd12.0

## ----------------- ##
## Output variables. ##
## ----------------- ##

ARM_ISA=''
AS=''
ArArgs=''
ArCmd=''
ArIsGNUAr=''
ArSupportsAtFile=''
BuildArch_CPP='x86_64'
BuildOS_CPP='freebsd'
BuildPlatform='x86_64-portbld-freebsd'
BuildPlatform_CPP='x86_64_portbld_freebsd'
BuildVendor_CPP='portbld'
CC='clang'
CFLAGS=''
CONF_CC_OPTS_STAGE0=''
CONF_CC_OPTS_STAGE1=''
CONF_CC_OPTS_STAGE2=''
CONF_CPP_OPTS_STAGE0=''
CONF_CPP_OPTS_STAGE1=''
CONF_CPP_OPTS_STAGE2=''
CONF_GCC_LINKER_OPTS_STAGE0=''
CONF_GCC_LINKER_OPTS_STAGE1=''
CONF_GCC_LINKER_OPTS_STAGE2=''
CONF_LD_LINKER_OPTS_STAGE0=''
CONF_LD_LINKER_OPTS_STAGE1=''
CONF_LD_LINKER_OPTS_STAGE2=''
CPP=''
CPPFLAGS=''
CrossCompilePrefix=''
CrossCompiling='NO'
DEFS=''
ECHO_C=''
ECHO_N='-n'
ECHO_T=''
EGREP=''
EXEEXT=''
FFIIncludeDir=''
FFILibDir=''
FindCmd='/usr/bin/find'
GMP_INCLUDE_DIRS=''
GMP_LIB_DIRS=''
GREP=''
GccExtraViaCOpts=''
GccLT46=''
GccVersion=''
HaskellCPPArgs=''
HaskellCPPCmd=''
HaskellHaveGnuNonexecStack=''
HaskellHaveIdentDirective=''
HaskellHaveRTSLinker='YES'
HaskellHaveSubsectionsViaSymbols=''
HaskellTargetArch=''
HaskellTargetOs=''
HostArch_CPP='x86_64'
HostOS_CPP='freebsd'
HostPlatform='x86_64-portbld-freebsd'
HostPlatform_CPP='x86_64_portbld_freebsd'
HostVendor_CPP='portbld'
INSTALL_DATA='${INSTALL} -m 644'
INSTALL_PROGRAM='${INSTALL}'
INSTALL_SCRIPT='${INSTALL}'
LD=''
LDFLAGS=''
LIBOBJS=''
LIBS=''
LLC=''
LLVMTarget_CPP='x86_64-unknown-freebsd'
LN_S='ln -s'
LTLIBOBJS=''
LdCmd=''
LdHasBuildId=''
LdHasFilelist=''
LdHasNoCompactUnwind=''
LdIsGNULd=''
LlcCmd=''
OBJEXT=''
OPT=''
OptCmd=''
PACKAGE_BUGREPORT='glasgow-haskell-bugs@haskell.org'
PACKAGE_NAME='The Glorious Glasgow Haskell Compilation System'
PACKAGE_STRING='The Glorious Glasgow Haskell Compilation System 8.6.3'
PACKAGE_TARNAME='ghc-8.6.3'
PACKAGE_URL=''
PACKAGE_VERSION='8.6.3'
PATH_SEPARATOR=':'
PerlCmd='/usr/local/bin/perl'
RANLIB=''
RANLIB_CMD=''
READELF=''
REAL_RANLIB_CMD=''
RanlibCmd=''
SHELL='/bin/sh'
STRIP=''
SedCmd='sed'
SettingsArCommand=''
SettingsCCompilerCommand=''
SettingsCCompilerFlags=''
SettingsCCompilerLinkFlags=''
SettingsCCompilerSupportsNoPie=''
SettingsClangCommand=''
SettingsDllWrapCommand=''
SettingsHaskellCPPCommand=''
SettingsHaskellCPPFlags=''
SettingsLdCommand=''
SettingsLdFlags=''
SettingsLibtoolCommand=''
SettingsLlcCommand=''
SettingsOptCommand=''
SettingsPerlCommand=''
SettingsRanlibCommand=''
SettingsTouchCommand=''
SettingsWindresCommand=''
StripCmd=''
TargetArch_CPP='x86_64'
TargetOS_CPP='freebsd'
TargetPlatform='x86_64-portbld-freebsd'
TargetPlatformFull='x86_64-portbld-freebsd'
TargetPlatform_CPP='x86_64_portbld_freebsd'
TargetVendor_CPP='portbld'
TargetWordSize=''
TmpLd=''
Unregisterised='NO'
ac_ct_CC='clang'
ac_ct_LLC=''
ac_ct_OPT=''
bindir='${exec_prefix}/bin'
build='x86_64-portbld-freebsd'
build_alias=''
build_cpu='x86_64'
build_os='freebsd12.0'
build_vendor='unknown'
datadir='${datarootdir}'
datarootdir='${prefix}/share'
docdir='${datarootdir}/doc/${PACKAGE_TARNAME}'
dvidir='${docdir}'
exec_prefix='NONE'
exeext_host=''
exeext_target=''
fp_prog_ar=''
fp_prog_find='/usr/bin/find'
hardtop='/usr/home/q/dev/agitpunkt'
host='x86_64-portbld-freebsd'
host_alias=''
host_cpu='x86_64'
host_os='freebsd12.0'
host_vendor='unknown'
htmldir='${docdir}'
includedir='${prefix}/include'
infodir='${datarootdir}/info'
libdir='${exec_prefix}/lib'
libexecdir='${exec_prefix}/libexec'
localedir='${datarootdir}/locale'
localstatedir='${prefix}/var'
mandir='${datarootdir}/man'
oldincludedir='/usr/include'
pdfdir='${docdir}'
prefix='NONE'
program_transform_name='s,x,x,'
psdir='${docdir}'
sbindir='${exec_prefix}/sbin'
sharedstatedir='${prefix}/com'
soext_host='.so'
soext_target='.so'
sysconfdir='${prefix}/etc'
target='x86_64-portbld-freebsd'
target_alias=''
target_cpu='x86_64'
target_os='freebsd12.0'
target_vendor='unknown'

## ----------- ##
## confdefs.h. ##
## ----------- ##

/* confdefs.h */
#define PACKAGE_NAME "The Glorious Glasgow Haskell Compilation System"
#define PACKAGE_TARNAME "ghc-8.6.3"
#define PACKAGE_VERSION "8.6.3"
#define PACKAGE_STRING "The Glorious Glasgow Haskell Compilation System 8.6.3"
#define PACKAGE_BUGREPORT "glasgow-haskell-bugs@haskell.org"
#define PACKAGE_URL ""

configure: exit 77
